3/21/2022 9:25:07 AM	This log contains information about the import schema operation into project 'ArchDb1' on computer 'BSMUML-17428' by user 'sairamk2'.
3/21/2022 9:25:08 AM	Import of database schema has started.
3/21/2022 9:25:25 AM	Gathering logins
3/21/2022 9:26:43 AM	Gathering database credentials
3/21/2022 9:26:43 AM	Gathering database options
3/21/2022 9:26:43 AM	Gathering generic database scoped configuration option
3/21/2022 9:26:43 AM	Gathering users
3/21/2022 9:26:43 AM	Gathering roles
3/21/2022 9:26:43 AM	Gathering application roles
3/21/2022 9:26:43 AM	Gathering role memberships
3/21/2022 9:26:44 AM	Gathering filegroups
3/21/2022 9:26:44 AM	Gathering full-text catalogs
3/21/2022 9:26:44 AM	Gathering assemblies
3/21/2022 9:26:44 AM	Gathering certificates
3/21/2022 9:26:44 AM	Gathering symmetric keys
3/21/2022 9:26:44 AM	Gathering encrypted symmetric keys
3/21/2022 9:26:44 AM	Gathering schemas
3/21/2022 9:26:44 AM	Gathering XML schema collections
3/21/2022 9:26:44 AM	Gathering user-defined data types
3/21/2022 9:26:44 AM	Gathering user-defined types
3/21/2022 9:26:44 AM	Gathering table types
3/21/2022 9:26:44 AM	Gathering unique keys for table types
3/21/2022 9:26:44 AM	Gathering primary keys for table types
3/21/2022 9:26:44 AM	Gathering indexes for table types
3/21/2022 9:26:44 AM	Gathering check constraints for table types
3/21/2022 9:26:44 AM	Gathering default constraints for table types
3/21/2022 9:26:44 AM	Gathering partition functions
3/21/2022 9:26:44 AM	Gathering partition schemes
3/21/2022 9:26:44 AM	Gathering functions
3/21/2022 9:26:44 AM	Gathering encrypted functions
3/21/2022 9:26:44 AM	Gathering aggregates
3/21/2022 9:26:44 AM	Gathering procedures
3/21/2022 9:26:44 AM	Gathering encrypted procedures
3/21/2022 9:26:44 AM	Gathering tables
3/21/2022 9:26:44 AM	Gathering primary keys
3/21/2022 9:26:44 AM	Gathering unique constraints
3/21/2022 9:26:44 AM	Gathering foreign keys
3/21/2022 9:26:44 AM	Gathering default constraints
3/21/2022 9:26:44 AM	Gathering check constraints
3/21/2022 9:26:44 AM	Gathering views
3/21/2022 9:26:44 AM	Gathering encrypted views
3/21/2022 9:26:44 AM	Gathering indexes
3/21/2022 9:26:44 AM	Gathering statistics
3/21/2022 9:26:44 AM	Gathering full-text index stoplists
3/21/2022 9:26:44 AM	Gathering search property lists
3/21/2022 9:26:44 AM	Gathering search properties
3/21/2022 9:26:44 AM	Gathering full-text indexes
3/21/2022 9:26:44 AM	Gathering column store indexes
3/21/2022 9:26:44 AM	Gathering spatial indexes
3/21/2022 9:26:44 AM	Gathering XML indexes
3/21/2022 9:26:44 AM	Gathering Selective XML indexes
3/21/2022 9:26:44 AM	Gathering encrypted triggers
3/21/2022 9:26:45 AM	Gathering triggers
3/21/2022 9:26:45 AM	Gathering encrypted and clr ddl triggers
3/21/2022 9:26:45 AM	Gathering ddl triggers
3/21/2022 9:26:45 AM	Creating edge constraints
3/21/2022 9:26:45 AM	Gathering synonyms
3/21/2022 9:26:45 AM	Gathering defaults
3/21/2022 9:26:45 AM	Gathering data constraint uddt bindings
3/21/2022 9:26:45 AM	Gathering rules
3/21/2022 9:26:45 AM	Gathering data constraint uddt bindings
3/21/2022 9:26:45 AM	Gathering message types
3/21/2022 9:26:45 AM	Gathering queues
3/21/2022 9:26:45 AM	Gathering contracts
3/21/2022 9:26:45 AM	Gathering services
3/21/2022 9:26:45 AM	Gathering event notifications
3/21/2022 9:26:45 AM	Gathering remote service bindings
3/21/2022 9:26:45 AM	Gathering broker priorities
3/21/2022 9:26:45 AM	Gathering signatures
3/21/2022 9:26:45 AM	Gathering data compression options
3/21/2022 9:26:45 AM	Gathering sequence types
3/21/2022 9:26:45 AM	Gathering security policies
3/21/2022 9:26:45 AM	Gather column encryption keys
3/21/2022 9:26:45 AM	Gathering column master keys
3/21/2022 9:26:45 AM	Gathering external data sources
3/21/2022 9:26:45 AM	Gathering external tables
3/21/2022 9:26:45 AM	Gathering extended properties
3/21/2022 9:26:45 AM	Gathering assemblies
3/21/2022 9:26:52 AM	Gathering logins
3/21/2022 9:26:54 AM	Scanning project for duplicate elements
3/21/2022 9:26:54 AM	Finished duplicate element processing
3/21/2022 9:26:54 AM	Finished importing database.
3/21/2022 9:26:54 AM	A summary of the import was saved to the following location: C:\Users\sairamk2\Downloads\ArchDb1\ArchDb1\ArchDb1\Import Schema Logs\ArchDb1_20220321035507.log
3/21/2022 9:26:54 AM	Click Finish to continue...
